-------------------------------------------------------------------------------
Test set: it.polimi.ingsw.PersonalBoard.Faith.FaithTrackTest
-------------------------------------------------------------------------------
Tests run: 4, Failures: 1, Errors: 0, Skipped: 0, Time elapsed: 0.215 s <<< FAILURE! - in it.polimi.ingsw.PersonalBoard.Faith.FaithTrackTest
advancementOtherPlayers  Time elapsed: 0.007 s  <<< FAILURE!
org.opentest4j.AssertionFailedError: expected: <0> but was: <1>
	at it.polimi.ingsw.PersonalBoard.Faith.FaithTrackTest.advancementOtherPlayers(FaithTrackTest.java:96)

