<?xml version="1.0" encoding="UTF-8"?>
<testsuite xmlns:xsi="http://www.w3.org/2001/XMLSchema-instance" xsi:noNamespaceSchemaLocation="https://maven.apache.org/surefire/maven-surefire-plugin/xsd/surefire-test-report.xsd" name="it.polimi.ingsw.Messages.MessagesTest" time="0.543" tests="80" errors="0" skipped="0" failures="0">
  <properties>
[...]
</properties>
  <testcase name="DifferentResourceAlreadyPresentErrorMessageTest" classname="it.polimi.ingsw.Messages.MessagesTest" time="0.234"/>
  <testcase name="NoCardDiscardErrorMessageTest" classname="it.polimi.ingsw.Messages.MessagesTest" time="0.002"/>
  <testcase name="MoveResourceESLCToWarehouseGameMessageTest" classname="it.polimi.ingsw.Messages.MessagesTest" time="0.015"/>
  <testcase name="TransitionForwardMessageTest" classname="it.polimi.ingsw.Messages.MessagesTest" time="0.001"/>
  <testcase name="ChooseNoActionLeaderCardGameMessageTest" classname="it.polimi.ingsw.Messages.MessagesTest" time="0.001"/>
  <testcase name="GameEndedErrorMessageTest" classname="it.polimi.ingsw.Messages.MessagesTest" time="0.001"/>
  <testcase name="NoResourceAErrorMessageTest" classname="it.polimi.ingsw.Messages.MessagesTest" time="0.008"/>
  <testcase name="DiscardLeaderCardGameMessageTest" classname="it.polimi.ingsw.Messages.MessagesTest" time="0.001"/>
  <testcase name="EndTurnGameMessageTest" classname="it.polimi.ingsw.Messages.MessagesTest" time="0"/>
  <testcase name="TypoErrorMessageTest" classname="it.polimi.ingsw.Messages.MessagesTest" time="0.001"/>
  <testcase name="PlaceDevelopmentCardGameMessageTest" classname="it.polimi.ingsw.Messages.MessagesTest" time="0.001"/>
  <testcase name="NotYourTurnErrorMessageTest" classname="it.polimi.ingsw.Messages.MessagesTest" time="0"/>
  <testcase name="UpdateMarketForwardMessageTest" classname="it.polimi.ingsw.Messages.MessagesTest" time="0.018"/>
  <testcase name="BuyDevelopmentCardGameMessageTest" classname="it.polimi.ingsw.Messages.MessagesTest" time="0.011"/>
  <testcase name="NotEnoughResourcesErrorMessageTest" classname="it.polimi.ingsw.Messages.MessagesTest" time="0.002"/>
  <testcase name="WrongResourceErrorMessageTest" classname="it.polimi.ingsw.Messages.MessagesTest" time="0"/>
  <testcase name="ShowCurrentBoardMessageTest" classname="it.polimi.ingsw.Messages.MessagesTest" time="0"/>
  <testcase name="MoveResourcesWarehouseToESLCGameMessageTest" classname="it.polimi.ingsw.Messages.MessagesTest" time="0.001"/>
  <testcase name="NoCardObtainableErrorMessageTest" classname="it.polimi.ingsw.Messages.MessagesTest" time="0"/>
  <testcase name="InvalidSelectionErrorMessageTest" classname="it.polimi.ingsw.Messages.MessagesTest" time="0.001"/>
  <testcase name="NoCardsPlayErrorMessageTest" classname="it.polimi.ingsw.Messages.MessagesTest" time="0.001"/>
  <testcase name="SelectNormalActionGameMessageTest" classname="it.polimi.ingsw.Messages.MessagesTest" time="0.005"/>
  <testcase name="SelectAWarehouseDepotsSlotGameMessageTest" classname="it.polimi.ingsw.Messages.MessagesTest" time="0.001"/>
  <testcase name="UpdateObtainedMultipleResourceForwardMessageTest" classname="it.polimi.ingsw.Messages.MessagesTest" time="0.011"/>
  <testcase name="UpdateSoloActionTokenMessage" classname="it.polimi.ingsw.Messages.MessagesTest" time="0.003"/>
  <testcase name="MovedResourceESLCToWarehouseForwardMessageTest" classname="it.polimi.ingsw.Messages.MessagesTest" time="0.009"/>
  <testcase name="NoSelectedPowersErrorMessageTest" classname="it.polimi.ingsw.Messages.MessagesTest" time="0"/>
  <testcase name="GenericResourceErrorMessageTest" classname="it.polimi.ingsw.Messages.MessagesTest" time="0.001"/>
  <testcase name="SelectProductionPowerLeaderCardGameMessageTest" classname="it.polimi.ingsw.Messages.MessagesTest" time="0.001"/>
  <testcase name="AlreadyDiscardedPositionErrorMessageTest" classname="it.polimi.ingsw.Messages.MessagesTest" time="0.019"/>
  <testcase name="PayWithWarehouseDepotsGameMessageTest" classname="it.polimi.ingsw.Messages.MessagesTest" time="0"/>
  <testcase name="StartPaymentGameMessageTest" classname="it.polimi.ingsw.Messages.MessagesTest" time="0"/>
  <testcase name="AddedResourceToForwardMessageTest" classname="it.polimi.ingsw.Messages.MessagesTest" time="0.013"/>
  <testcase name="DiscardedLeaderCardForwardMessageTest" classname="it.polimi.ingsw.Messages.MessagesTest" time="0.01"/>
  <testcase name="PlacedDevelopmentCardForwardMessageTest" classname="it.polimi.ingsw.Messages.MessagesTest" time="0.011"/>
  <testcase name="GameStartServiceMessageTest" classname="it.polimi.ingsw.Messages.MessagesTest" time="0.001"/>
  <testcase name="ConfirmedActionMessageTest" classname="it.polimi.ingsw.Messages.MessagesTest" time="0"/>
  <testcase name="AlreadyEmptyErrorMessageTest" classname="it.polimi.ingsw.Messages.MessagesTest" time="0"/>
  <testcase name="UpdateDevelopmentCardForwardMessageTest" classname="it.polimi.ingsw.Messages.MessagesTest" time="0.003"/>
  <testcase name="MoveResourcesInWarehouseDepotsGameMessageTest" classname="it.polimi.ingsw.Messages.MessagesTest" time="0.005"/>
  <testcase name="PayedWithWarehouseDepotsForwardMessageTest" classname="it.polimi.ingsw.Messages.MessagesTest" time="0.001"/>
  <testcase name="NotEnoughRErrorMessageTest" classname="it.polimi.ingsw.Messages.MessagesTest" time="0"/>
  <testcase name="CurrentPlayerMessageTest" classname="it.polimi.ingsw.Messages.MessagesTest" time="0.001"/>
  <testcase name="NotEsErrorMessageTest" classname="it.polimi.ingsw.Messages.MessagesTest" time="0"/>
  <testcase name="SelectedTwoCardsToKeepForwardMessageTest" classname="it.polimi.ingsw.Messages.MessagesTest" time="0.003"/>
  <testcase name="PayedWithStrongboxForwardMessageTest" classname="it.polimi.ingsw.Messages.MessagesTest" time="0.004"/>
  <testcase name="EmptyDeckErrorMessageTest" classname="it.polimi.ingsw.Messages.MessagesTest" time="0"/>
  <testcase name="PayWithExtraStorageLeaderCardGameMessageTest" classname="it.polimi.ingsw.Messages.MessagesTest" time="0.001"/>
  <testcase name="InvalidActionErrorMessageTest" classname="it.polimi.ingsw.Messages.MessagesTest" time="0"/>
  <testcase name="OccupiedSlotWDErrorMessageTest" classname="it.polimi.ingsw.Messages.MessagesTest" time="0.001"/>
  <testcase name="ChooseDiscardLeaderCardGameMessageTest" classname="it.polimi.ingsw.Messages.MessagesTest" time="0.001"/>
  <testcase name="PlayLeaderCardGameMessageTest" classname="it.polimi.ingsw.Messages.MessagesTest" time="0.001"/>
  <testcase name="NoDevelopmentCardErrorMessageTest" classname="it.polimi.ingsw.Messages.MessagesTest" time="0.016"/>
  <testcase name="ChoosePlayLeaderCardGameMessageTest" classname="it.polimi.ingsw.Messages.MessagesTest" time="0.001"/>
  <testcase name="WhiteMarbleErrorMessageTest" classname="it.polimi.ingsw.Messages.MessagesTest" time="0.001"/>
  <testcase name="NoWhiteMarbleErrorMessageTest" classname="it.polimi.ingsw.Messages.MessagesTest" time="0"/>
  <testcase name="FaithMarbleErrorMessageTest" classname="it.polimi.ingsw.Messages.MessagesTest" time="0"/>
  <testcase name="AdvanceFaithTrackForwardMessageTest" classname="it.polimi.ingsw.Messages.MessagesTest" time="0"/>
  <testcase name="ObtainedGenericResourceForwardMessageTest" classname="it.polimi.ingsw.Messages.MessagesTest" time="0.001"/>
  <testcase name="PayedWithExtraStorageLeaderCardForwardMessageTest" classname="it.polimi.ingsw.Messages.MessagesTest" time="0.001"/>
  <testcase name="InvalidPositionErrorMessageTest" classname="it.polimi.ingsw.Messages.MessagesTest" time="0.001"/>
  <testcase name="InvalidMovementErrorMessageTest" classname="it.polimi.ingsw.Messages.MessagesTest" time="0"/>
  <testcase name="NotStrongboxErrorMessageTest" classname="it.polimi.ingsw.Messages.MessagesTest" time="0"/>
  <testcase name="ShowCardMarketMessageTest" classname="it.polimi.ingsw.Messages.MessagesTest" time="0.001"/>
  <testcase name="RequirementsErrorMessageTest" classname="it.polimi.ingsw.Messages.MessagesTest" time="0.001"/>
  <testcase name="SelectProductionDevelopmentCardGameMessageTest" classname="it.polimi.ingsw.Messages.MessagesTest" time="0.001"/>
  <testcase name="DifferentStorageTypeErrorMessageTest" classname="it.polimi.ingsw.Messages.MessagesTest" time="0"/>
  <testcase name="InvalidEnumErrorMessageTest" classname="it.polimi.ingsw.Messages.MessagesTest" time="0"/>
  <testcase name="PlayedLeaderCardForwardMessageTest" classname="it.polimi.ingsw.Messages.MessagesTest" time="0.001"/>
  <testcase name="OccupiedSlotLCErrorMessageTest" classname="it.polimi.ingsw.Messages.MessagesTest" time="0"/>
  <testcase name="MissingResourceErrorMessageTest" classname="it.polimi.ingsw.Messages.MessagesTest" time="0"/>
  <testcase name="SelectTwoCardsToKeepGameMessageTest" classname="it.polimi.ingsw.Messages.MessagesTest" time="0.001"/>
  <testcase name="PayWithStrongboxGameMessageTest" classname="it.polimi.ingsw.Messages.MessagesTest" time="0.001"/>
  <testcase name="NoPLCErrorMessageTest" classname="it.polimi.ingsw.Messages.MessagesTest" time="0"/>
  <testcase name="ChangeWhiteMarbleWithGameMessageTest" classname="it.polimi.ingsw.Messages.MessagesTest" time="0.004"/>
  <testcase name="ObtainGenericResourceGameMessageTest" classname="it.polimi.ingsw.Messages.MessagesTest" time="0.001"/>
  <testcase name="AlreadySelectedSomethingErrorMessageTest" classname="it.polimi.ingsw.Messages.MessagesTest" time="0"/>
  <testcase name="TakeResourcesFromTheMarketGameMessageTest" classname="it.polimi.ingsw.Messages.MessagesTest" time="0.004"/>
  <testcase name="MovedResourcesInWarehouseDepotsForwardMessageTest" classname="it.polimi.ingsw.Messages.MessagesTest" time="0.002"/>
  <testcase name="DrawSoloActionTokenGameMessageTest" classname="it.polimi.ingsw.Messages.MessagesTest" time="0.001"/>
</testsuite>