<?xml version="1.0" encoding="UTF-8"?>
<testsuite xmlns:xsi="http://www.w3.org/2001/XMLSchema-instance" xsi:noNamespaceSchemaLocation="https://maven.apache.org/surefire/maven-surefire-plugin/xsd/surefire-test-report.xsd" name="it.polimi.ingsw.Table.Market.Marbles.FaithMarbleTest" time="0.001" tests="3" errors="0" skipped="0" failures="0">
  <properties>
[...]
</properties>
  <testcase name="putResourceLeaderTest" classname="it.polimi.ingsw.Table.Market.Marbles.FaithMarbleTest" time="0"/>
  <testcase name="putResourceWarehouseTest" classname="it.polimi.ingsw.Table.Market.Marbles.FaithMarbleTest" time="0"/>
  <testcase name="putResourceFaithTest" classname="it.polimi.ingsw.Table.Market.Marbles.FaithMarbleTest" time="0"/>
</testsuite>