<?xml version="1.0" encoding="UTF-8"?>
<testsuite xmlns:xsi="http://www.w3.org/2001/XMLSchema-instance" xsi:noNamespaceSchemaLocation="https://maven.apache.org/surefire/maven-surefire-plugin/xsd/surefire-test-report.xsd" name="it.polimi.ingsw.Market.MarketTest" time="0.2" tests="3" errors="0" skipped="0" failures="0">
  <properties>
[...]
</properties>
  <testcase name="testMarketChooseRowAndColumn" classname="it.polimi.ingsw.Market.MarketTest" time="0.166"/>
  <testcase name="testMarketChooseColumn" classname="it.polimi.ingsw.Market.MarketTest" time="0"/>
  <testcase name="testMarketChooseRow" classname="it.polimi.ingsw.Market.MarketTest" time="0.003"/>
</testsuite>