<?xml version="1.0" encoding="UTF-8"?>
<testsuite xmlns:xsi="http://www.w3.org/2001/XMLSchema-instance" xsi:noNamespaceSchemaLocation="https://maven.apache.org/surefire/maven-surefire-plugin/xsd/surefire-test-report.xsd" name="it.polimi.ingsw.PersonalBoard.SlotsDevelopmentCards.SlotsDevelopmentCardsTest" time="0.011" tests="4" errors="0" skipped="0" failures="0">
  <properties>
[...]
</properties>
  <testcase name="testExceptionsAddDevelopmentCard" classname="it.polimi.ingsw.PersonalBoard.SlotsDevelopmentCards.SlotsDevelopmentCardsTest" time="0"/>
  <testcase name="testAddDevelopmentCard" classname="it.polimi.ingsw.PersonalBoard.SlotsDevelopmentCards.SlotsDevelopmentCardsTest" time="0.003"/>
  <testcase name="testOutOfBoundExceptionsAddDevelopmentCard" classname="it.polimi.ingsw.PersonalBoard.SlotsDevelopmentCards.SlotsDevelopmentCardsTest" time="0.002"/>
  <testcase name="integrityTest" classname="it.polimi.ingsw.PersonalBoard.SlotsDevelopmentCards.SlotsDevelopmentCardsTest" time="0"/>
</testsuite>